<?xml version="1.0" encoding="UTF-8"?>
<testsuite name="demo.AppTest" tests="1" skipped="0" failures="0" errors="0" timestamp="2022-01-11T16:36:06" hostname="IDIMA-NB" time="0.026">
  <properties/>
  <testcase name="appHasAGreeting()" classname="demo.AppTest" time="0.026"/>
  <system-out><![CDATA[]]></system-out>
  <system-err><![CDATA[]]></system-err>
</testsuite>
